#
# There is insufficient memory for the Java Runtime Environment to continue.
# Native memory allocation (malloc) failed to allocate 38320 bytes for Chunk::new
# Possible reasons:
#   The system is out of physical RAM or swap space
# Possible solutions:
#   Reduce memory load on the system
#   Increase physical memory or swap space
#   Check if swap backing store is full
#   Decrease Java heap size (-Xmx/-Xms)
#   Decrease number of Java threads
#   Decrease Java thread stack sizes (-Xss)
#   Set larger code cache with -XX:ReservedCodeCacheSize=
# This output file may be truncated or incomplete.
#
#  Out of Memory Error (allocation.cpp:389), pid=8588, tid=0x0000000000005968
#
# JRE version: OpenJDK Runtime Environment (Zulu 8.60.0.21-CA-win64) (8.0_322-b06) (build 1.8.0_322-b06)
# Java VM: OpenJDK 64-Bit Server VM (25.322-b06 mixed mode windows-amd64 )
# Failed to write core dump. Minidumps are not enabled by default on client versions of Windows
#

---------------  T H R E A D  ---------------

Current thread (0x000000003455d800):  JavaThread "C2 CompilerThread2" daemon [_thread_in_native, id=22888, stack(0x0000000036fd0000,0x00000000371d0000)]

Stack: [0x0000000036fd0000,0x00000000371d0000]
[error occurred during error reporting (printing stack bounds), id 0xc0000005]

Native frames: (J=compiled Java code, j=interpreted, Vv=VM code, C=native code)


Current CompileTask:
C2:79035181 5136       4       java.beans.PropertyChangeSupport::firePropertyChange (81 bytes)


---------------  P R O C E S S  ---------------

Java Threads: ( => current thread )
  0x000000003d87c800 JavaThread "DestroyJavaVM" [_thread_blocked, id=9724, stack(0x0000000000430000,0x0000000000630000)]
  0x000000003d878800 JavaThread "RMI Scheduler(0)" daemon [_thread_blocked, id=25568, stack(0x0000000048ab0000,0x0000000048cb0000)]
  0x00000000351ba800 JavaThread "Timer-0" [_thread_blocked, id=24744, stack(0x0000000045ca0000,0x0000000045ea0000)]
  0x0000000034bd5000 JavaThread "AWT-EventQueue-0" [_thread_blocked, id=24724, stack(0x0000000045aa0000,0x0000000045ca0000)]
  0x000000003d532000 JavaThread "AWT-Windows" daemon [_thread_in_native, id=24048, stack(0x000000003ece0000,0x000000003eee0000)]
  0x000000003c5bc000 JavaThread "AWT-Shutdown" [_thread_blocked, id=24016, stack(0x000000003e6c0000,0x000000003e8c0000)]
  0x0000000039f4f800 JavaThread "Java2D Disposer" daemon [_thread_blocked, id=24012, stack(0x000000003eae0000,0x000000003ece0000)]
  0x0000000034676000 JavaThread "Service Thread" daemon [_thread_blocked, id=23000, stack(0x00000000383d0000,0x00000000385d0000)]
  0x00000000345ed800 JavaThread "C1 CompilerThread11" daemon [_thread_blocked, id=22924, stack(0x00000000381d0000,0x00000000383d0000)]
  0x00000000345ec000 JavaThread "C1 CompilerThread10" daemon [_thread_blocked, id=22920, stack(0x0000000037fd0000,0x00000000381d0000)]
  0x00000000345f1800 JavaThread "C1 CompilerThread9" daemon [_thread_blocked, id=22916, stack(0x0000000037dd0000,0x0000000037fd0000)]
  0x00000000345f0800 JavaThread "C1 CompilerThread8" daemon [_thread_blocked, id=22912, stack(0x0000000037bd0000,0x0000000037dd0000)]
  0x00000000345f3000 JavaThread "C2 CompilerThread7" daemon [_thread_blocked, id=22908, stack(0x00000000379d0000,0x0000000037bd0000)]
  0x00000000345f2800 JavaThread "C2 CompilerThread6" daemon [_thread_blocked, id=22904, stack(0x00000000377d0000,0x00000000379d0000)]
  0x00000000345eb000 JavaThread "C2 CompilerThread5" daemon [_thread_blocked, id=22900, stack(0x00000000375d0000,0x00000000377d0000)]
  0x0000000034560000 JavaThread "C2 CompilerThread4" daemon [_thread_blocked, id=22896, stack(0x00000000373d0000,0x00000000375d0000)]
  0x000000003455f800 JavaThread "C2 CompilerThread3" daemon [_thread_blocked, id=22892, stack(0x00000000371d0000,0x00000000373d0000)]
=>0x000000003455d800 JavaThread "C2 CompilerThread2" daemon [_thread_in_native, id=22888, stack(0x0000000036fd0000,0x00000000371d0000)]
  0x000000003455d000 JavaThread "C2 CompilerThread1" daemon [_thread_blocked, id=22884, stack(0x0000000036dd0000,0x0000000036fd0000)]
  0x000000003455c000 JavaThread "C2 CompilerThread0" daemon [_thread_blocked, id=22880, stack(0x0000000036bd0000,0x0000000036dd0000)]
  0x00000000345ad800 JavaThread "Attach Listener" daemon [_thread_blocked, id=22876, stack(0x00000000369d0000,0x0000000036bd0000)]
  0x00000000345aa800 JavaThread "Signal Dispatcher" daemon [_thread_blocked, id=22872, stack(0x00000000367d0000,0x00000000369d0000)]
  0x00000000345aa000 JavaThread "Surrogate Locker Thread (Concurrent GC)" daemon [_thread_blocked, id=22868, stack(0x00000000365d0000,0x00000000367d0000)]
  0x000000002dd5e800 JavaThread "Finalizer" daemon [_thread_blocked, id=20372, stack(0x00000000362d0000,0x00000000364d0000)]
  0x0000000034549000 JavaThread "Reference Handler" daemon [_thread_blocked, id=20348, stack(0x00000000360d0000,0x00000000362d0000)]

Other Threads:
  0x000000002dd47800 VMThread [stack: 0x0000000035ed0000,0x00000000360d0000] [id=20140]
  0x0000000034678000 WatcherThread [stack: 0x00000000385d0000,0x00000000387d0000] [id=23008]

VM state:not at safepoint (normal execution)

VM Mutex/Monitor currently owned by a thread: None

OutOfMemory and StackOverflow Exception counts:
OutOfMemoryError java_heap_errors=1

Heap:
 par new generation   total 712512K, used 53789K [0x0000000080000000, 0x00000000b0510000, 0x00000000e8000000)
  eden space 633408K,   8% used [0x0000000080000000, 0x00000000834876d8, 0x00000000a6a90000)
  from space 79104K,   0% used [0x00000000a6a90000, 0x00000000a6a90000, 0x00000000ab7d0000)
  to   space 79104K,   0% used [0x00000000ab7d0000, 0x00000000ab7d0000, 0x00000000b0510000)
 concurrent mark-sweep generation total 3004996K, used 2644890K [0x00000000e8000000, 0x000000019f691000, 0x0000001878200000)
 Metaspace       used 50233K, capacity 51051K, committed 51460K, reserved 53248K

Card table byte_map: [0x00000000147b0000,0x0000000020780000] byte_map_base: 0x00000000143b0000

Marking Bits: (CMSBitMap*) 0x000000002db855e8
 Bits: [0x0000001878200000, 0x00000018d6608000)

Mod Union Table: (CMSBitMap*) 0x000000002db856a8
 Bits: [0x000000002dd70000, 0x000000002f500200)

Polling page: 0x00000000001a0000

CodeCache: size=245760Kb used=16739Kb max_used=17934Kb free=229020Kb
 bounds [0x0000000002af0000, 0x0000000003cb0000, 0x0000000011af0000]
 total_blobs=4578 nmethods=3893 adapters=593
 compilation: enabled

Compilation events (10 events):
Event: 79035.052 Thread 0x00000000345ec000 nmethod 5132 0x00000000039c7c10 code [0x00000000039c7e60, 0x00000000039c8d38]
Event: 79035.059 Thread 0x00000000345f1800 5134  s    3       sun.awt.windows.WDesktopProperties::setFontProperty (198 bytes)
Event: 79035.060 Thread 0x00000000345f1800 nmethod 5134 0x0000000002f1db10 code [0x0000000002f1df00, 0x0000000002f203e8]
Event: 79035.068 Thread 0x00000000345f0800 5135       3       java.awt.Font::<init> (56 bytes)
Event: 79035.069 Thread 0x00000000345f0800 nmethod 5135 0x0000000002f1d610 code [0x0000000002f1d780, 0x0000000002f1da10]
Event: 79035.127 Thread 0x000000003455d800 5136       4       java.beans.PropertyChangeSupport::firePropertyChange (81 bytes)
Event: 79035.127 Thread 0x00000000345ed800 5137   !   3       sun.awt.windows.WDesktopProperties$WinPlaySound::equals (25 bytes)
Event: 79035.127 Thread 0x00000000345f1800 5138       3       java.util.HashMap$KeySet::iterator (12 bytes)
Event: 79035.128 Thread 0x00000000345f1800 nmethod 5138 0x000000000396e050 code [0x000000000396e1c0, 0x000000000396e428]
Event: 79035.128 Thread 0x00000000345ed800 nmethod 5137 0x0000000003060450 code [0x00000000030605c0, 0x0000000003060928]

GC Heap History (10 events):
Event: 2598.020 GC heap before
{Heap before GC invocations=5 (full 4):
 par new generation   total 712512K, used 654559K [0x0000000080000000, 0x00000000b0510000, 0x00000000e8000000)
  eden space 633408K, 100% used [0x0000000080000000, 0x00000000a6a90000, 0x00000000a6a90000)
  from space 79104K,  26% used [0x00000000ab7d0000, 0x00000000acc77d10, 0x00000000b0510000)
  to   space 79104K,   0% used [0x00000000a6a90000, 0x00000000a6a90000, 0x00000000ab7d0000)
 concurrent mark-sweep generation total 3004996K, used 1768194K [0x00000000e8000000, 0x000000019f691000, 0x0000001878200000)
 Metaspace       used 50221K, capacity 51152K, committed 51204K, reserved 53248K
Event: 2598.022 GC heap after
Heap after GC invocations=6 (full 4):
 par new generation   total 712512K, used 24902K [0x0000000080000000, 0x00000000b0510000, 0x00000000e8000000)
  eden space 633408K,   0% used [0x0000000080000000, 0x0000000080000000, 0x00000000a6a90000)
  from space 79104K,  31% used [0x00000000a6a90000, 0x00000000a82e1b80, 0x00000000ab7d0000)
  to   space 79104K,   0% used [0x00000000ab7d0000, 0x00000000ab7d0000, 0x00000000b0510000)
 concurrent mark-sweep generation total 3004996K, used 1768194K [0x00000000e8000000, 0x000000019f691000, 0x0000001878200000)
 Metaspace       used 50221K, capacity 51152K, committed 51204K, reserved 53248K
}
Event: 2888.803 GC heap before
{Heap before GC invocations=6 (full 4):
 par new generation   total 712512K, used 658310K [0x0000000080000000, 0x00000000b0510000, 0x00000000e8000000)
  eden space 633408K, 100% used [0x0000000080000000, 0x00000000a6a90000, 0x00000000a6a90000)
  from space 79104K,  31% used [0x00000000a6a90000, 0x00000000a82e1b80, 0x00000000ab7d0000)
  to   space 79104K,   0% used [0x00000000ab7d0000, 0x00000000ab7d0000, 0x00000000b0510000)
 concurrent mark-sweep generation total 3004996K, used 1768194K [0x00000000e8000000, 0x000000019f691000, 0x0000001878200000)
 Metaspace       used 50221K, capacity 51152K, committed 51204K, reserved 53248K
Event: 2888.805 GC heap after
Heap after GC invocations=7 (full 4):
 par new generation   total 712512K, used 18826K [0x0000000080000000, 0x00000000b0510000, 0x00000000e8000000)
  eden space 633408K,   0% used [0x0000000080000000, 0x0000000080000000, 0x00000000a6a90000)
  from space 79104K,  23% used [0x00000000ab7d0000, 0x00000000aca32ac0, 0x00000000b0510000)
  to   space 79104K,   0% used [0x00000000a6a90000, 0x00000000a6a90000, 0x00000000ab7d0000)
 concurrent mark-sweep generation total 3004996K, used 1768194K [0x00000000e8000000, 0x000000019f691000, 0x0000001878200000)
 Metaspace       used 50221K, capacity 51152K, committed 51204K, reserved 53248K
}
Event: 3031.623 GC heap before
{Heap before GC invocations=7 (full 4):
 par new generation   total 712512K, used 309762K [0x0000000080000000, 0x00000000b0510000, 0x00000000e8000000)
  eden space 633408K,  45% used [0x0000000080000000, 0x0000000091c1df00, 0x00000000a6a90000)
  from space 79104K,  23% used [0x00000000ab7d0000, 0x00000000aca32ac0, 0x00000000b0510000)
  to   space 79104K,   0% used [0x00000000a6a90000, 0x00000000a6a90000, 0x00000000ab7d0000)
 concurrent mark-sweep generation total 3004996K, used 2635604K [0x00000000e8000000, 0x000000019f691000, 0x0000001878200000)
 Metaspace       used 50303K, capacity 51216K, committed 51460K, reserved 53248K
Event: 3032.191 GC heap after
Heap after GC invocations=8 (full 5):
 par new generation   total 712512K, used 0K [0x0000000080000000, 0x00000000b0510000, 0x00000000e8000000)
  eden space 633408K,   0% used [0x0000000080000000, 0x0000000080000000, 0x00000000a6a90000)
  from space 79104K,   0% used [0x00000000a6a90000, 0x00000000a6a90000, 0x00000000ab7d0000)
  to   space 79104K,   0% used [0x00000000ab7d0000, 0x00000000ab7d0000, 0x00000000b0510000)
 concurrent mark-sweep generation total 3004996K, used 2650405K [0x00000000e8000000, 0x000000019f691000, 0x0000001878200000)
 Metaspace       used 50303K, capacity 51216K, committed 51460K, reserved 53248K
}
Event: 3032.191 GC heap before
{Heap before GC invocations=8 (full 5):
 par new generation   total 712512K, used 0K [0x0000000080000000, 0x00000000b0510000, 0x00000000e8000000)
  eden space 633408K,   0% used [0x0000000080000000, 0x0000000080000000, 0x00000000a6a90000)
  from space 79104K,   0% used [0x00000000a6a90000, 0x00000000a6a90000, 0x00000000ab7d0000)
  to   space 79104K,   0% used [0x00000000ab7d0000, 0x00000000ab7d0000, 0x00000000b0510000)
 concurrent mark-sweep generation total 3004996K, used 2650405K [0x00000000e8000000, 0x000000019f691000, 0x0000001878200000)
 Metaspace       used 50303K, capacity 51216K, committed 51460K, reserved 53248K
Event: 3032.405 GC heap after
Heap after GC invocations=9 (full 6):
 par new generation   total 712512K, used 0K [0x0000000080000000, 0x00000000b0510000, 0x00000000e8000000)
  eden space 633408K,   0% used [0x0000000080000000, 0x0000000080000000, 0x00000000a6a90000)
  from space 79104K,   0% used [0x00000000a6a90000, 0x00000000a6a90000, 0x00000000ab7d0000)
  to   space 79104K,   0% used [0x00000000ab7d0000, 0x00000000ab7d0000, 0x00000000b0510000)
 concurrent mark-sweep generation total 3004996K, used 2644944K [0x00000000e8000000, 0x000000019f691000, 0x0000001878200000)
 Metaspace       used 50211K, capacity 51051K, committed 51460K, reserved 53248K
}
Event: 3032.406 GC heap before
{Heap before GC invocations=9 (full 6):
 par new generation   total 712512K, used 12481K [0x0000000080000000, 0x00000000b0510000, 0x00000000e8000000)
  eden space 633408K,   1% used [0x0000000080000000, 0x0000000080c30510, 0x00000000a6a90000)
  from space 79104K,   0% used [0x00000000a6a90000, 0x00000000a6a90000, 0x00000000ab7d0000)
  to   space 79104K,   0% used [0x00000000ab7d0000, 0x00000000ab7d0000, 0x00000000b0510000)
 concurrent mark-sweep generation total 3004996K, used 2644944K [0x00000000e8000000, 0x000000019f691000, 0x0000001878200000)
 Metaspace       used 50220K, capacity 51051K, committed 51460K, reserved 53248K
Event: 3032.622 GC heap after
Heap after GC invocations=10 (full 7):
 par new generation   total 712512K, used 0K [0x0000000080000000, 0x00000000b0510000, 0x00000000e8000000)
  eden space 633408K,   0% used [0x0000000080000000, 0x0000000080000000, 0x00000000a6a90000)
  from space 79104K,   0% used [0x00000000a6a90000, 0x00000000a6a90000, 0x00000000ab7d0000)
  to   space 79104K,   0% used [0x00000000ab7d0000, 0x00000000ab7d0000, 0x00000000b0510000)
 concurrent mark-sweep generation total 3004996K, used 2644897K [0x00000000e8000000, 0x000000019f691000, 0x0000001878200000)
 Metaspace       used 50220K, capacity 51051K, committed 51460K, reserved 53248K
}

Deoptimization events (10 events):
Event: 79035.118 Thread 0x0000000034bd5000 Uncommon trap: reason=class_check action=maybe_recompile pc=0x000000000360c940 method=java.util.TimSort.gallopRight(Ljava/lang/Object;[Ljava/lang/Object;IIILjava/util/Comparator;)I @ 44
Event: 79035.118 Thread 0x0000000034bd5000 Uncommon trap: reason=class_check action=maybe_recompile pc=0x0000000003bcd150 method=java.util.TimSort.gallopLeft(Ljava/lang/Object;[Ljava/lang/Object;IIILjava/util/Comparator;)I @ 44
Event: 79035.118 Thread 0x0000000034bd5000 Uncommon trap: reason=class_check action=maybe_recompile pc=0x000000000360c940 method=java.util.TimSort.gallopRight(Ljava/lang/Object;[Ljava/lang/Object;IIILjava/util/Comparator;)I @ 44
Event: 79035.118 Thread 0x0000000034bd5000 Uncommon trap: reason=class_check action=maybe_recompile pc=0x000000000384f8a8 method=java.util.TimSort.countRunAndMakeAscending([Ljava/lang/Object;IILjava/util/Comparator;)I @ 43
Event: 79035.118 Thread 0x0000000034bd5000 Uncommon trap: reason=class_check action=maybe_recompile pc=0x0000000003aa4f2c method=java.util.TimSort.binarySort([Ljava/lang/Object;IIILjava/util/Comparator;)V @ 93
Event: 79035.118 Thread 0x0000000034bd5000 Uncommon trap: reason=class_check action=maybe_recompile pc=0x000000000360c940 method=java.util.TimSort.gallopRight(Ljava/lang/Object;[Ljava/lang/Object;IIILjava/util/Comparator;)I @ 44
Event: 79035.118 Thread 0x0000000034bd5000 Uncommon trap: reason=class_check action=maybe_recompile pc=0x0000000003bcd150 method=java.util.TimSort.gallopLeft(Ljava/lang/Object;[Ljava/lang/Object;IIILjava/util/Comparator;)I @ 44
Event: 79035.118 Thread 0x0000000034bd5000 Uncommon trap: reason=class_check action=maybe_recompile pc=0x0000000003c6fe70 method=java.util.TimSort.mergeHi(IIII)V @ 227
Event: 79035.118 Thread 0x0000000034bd5000 Uncommon trap: reason=class_check action=maybe_recompile pc=0x0000000003bcd150 method=java.util.TimSort.gallopLeft(Ljava/lang/Object;[Ljava/lang/Object;IIILjava/util/Comparator;)I @ 44
Event: 79035.118 Thread 0x0000000034bd5000 Uncommon trap: reason=class_check action=maybe_recompile pc=0x0000000003c6fe70 method=java.util.TimSort.mergeHi(IIII)V @ 227

Classes redefined (0 events):
No events

Internal exceptions (10 events):
Event: 12.671 Thread 0x0000000000800800 Exception <a 'java/lang/NoSuchMethodError': <clinit>> (0x00000000996ae8a8) thrown at [C:\jenkins\workspace\zulu8-build-win64\zulu-src\hotspot\src\share\vm\prims\jni.cpp, line 1616]
Event: 12.715 Thread 0x000000003d87b000 Exception <a 'java/lang/InterruptedException'> (0x000000009a0898b8) thrown at [C:\jenkins\workspace\zulu8-build-win64\zulu-src\hotspot\src\share\vm\runtime\objectMonitor.cpp, line 1692]
Event: 432.941 Thread 0x0000000000800800 Implicit null exception at 0x00000000031a003e to 0x00000000031a0159
Event: 432.941 Thread 0x0000000000800800 Implicit null exception at 0x000000000310513f to 0x00000000031052a2
Event: 3031.623 Thread 0x0000000000800800 Exception <a 'java/lang/ClassCastException': java.awt.MenuItem cannot be cast to java.awt.CheckboxMenuItem> (0x00000000914f82d0) thrown at [C:\jenkins\workspace\zulu8-build-win64\zulu-src\hotspot\src\share\vm\interpreter\interpreterRuntime.cpp, line 407]
Event: 3032.405 Thread 0x0000000000800800 Exception <a 'java/lang/OutOfMemoryError'> (0x000000011d0a3760) thrown at [C:\jenkins\workspace\zulu8-build-win64\zulu-src\hotspot\src\share\vm\gc_interface/collectedHeap.inline.hpp, line 168]
Event: 3032.406 Thread 0x0000000000800800 Implicit null exception at 0x00000000035f12c4 to 0x00000000035f2224
Event: 3034.625 Thread 0x0000000000800800 JVM_StopThread thread JavaThread 0x0000000000800800 as oop 0x000000011cf171c8 [exception 0x000000000062a648]
Event: 3034.625 Thread 0x0000000000800800 Exception <a 'java/lang/ThreadDeath'> (0x000000008007b820) thrown at [C:\jenkins\workspace\zulu8-build-win64\zulu-src\hotspot\src\share\vm\prims\jvm.cpp, line 3218]
Event: 3034.626 Thread 0x000000003d87c800 Implicit null exception at 0x0000000002f2db68 to 0x0000000002f2e590

Events (10 events):
Event: 79035.118 Thread 0x0000000034bd5000 DEOPT UNPACKING pc=0x0000000002b3567b sp=0x0000000045c9c878 mode 2
Event: 79035.118 Thread 0x0000000034bd5000 Uncommon trap: trap_request=0xffffffde fr.pc=0x0000000003c6fe70
Event: 79035.118 Thread 0x0000000034bd5000 DEOPT PACKING pc=0x0000000003c6fe70 sp=0x0000000045c9c880
Event: 79035.118 Thread 0x0000000034bd5000 DEOPT UNPACKING pc=0x0000000002b3567b sp=0x0000000045c9c850 mode 2
Event: 79035.118 Thread 0x0000000034bd5000 Uncommon trap: trap_request=0xffffffde fr.pc=0x0000000003bcd150
Event: 79035.118 Thread 0x0000000034bd5000 DEOPT PACKING pc=0x0000000003bcd150 sp=0x0000000045c9c7e0
Event: 79035.118 Thread 0x0000000034bd5000 DEOPT UNPACKING pc=0x0000000002b3567b sp=0x0000000045c9c798 mode 2
Event: 79035.118 Thread 0x0000000034bd5000 Uncommon trap: trap_request=0xffffffde fr.pc=0x0000000003c6fe70
Event: 79035.118 Thread 0x0000000034bd5000 DEOPT PACKING pc=0x0000000003c6fe70 sp=0x0000000045c9c880
Event: 79035.118 Thread 0x0000000034bd5000 DEOPT UNPACKING pc=0x0000000002b3567b sp=0x0000000045c9c850 mode 2


Dynamic libraries:
0x0000000000400000 - 0x000000000042f000 	C:\Fiji.app\ImageJ-win64.exe
0x00007ffcf6670000 - 0x00007ffcf6868000 	C:\Windows\SYSTEM32\ntdll.dll
0x00007ffcf46a0000 - 0x00007ffcf475d000 	C:\Windows\System32\KERNEL32.DLL
0x00007ffcf3e80000 - 0x00007ffcf4176000 	C:\Windows\System32\KERNELBASE.dll
0x00007ffcf4cf0000 - 0x00007ffcf4da0000 	C:\Windows\System32\ADVAPI32.dll
0x00007ffcf5590000 - 0x00007ffcf562e000 	C:\Windows\System32\msvcrt.dll
0x00007ffcf4e00000 - 0x00007ffcf4ea0000 	C:\Windows\System32\sechost.dll
0x00007ffcf4760000 - 0x00007ffcf4883000 	C:\Windows\System32\RPCRT4.dll
0x00007ffcf4410000 - 0x00007ffcf4437000 	C:\Windows\System32\bcrypt.dll
0x00007ffcf4ea0000 - 0x00007ffcf503f000 	C:\Windows\System32\USER32.dll
0x00007ffcf43e0000 - 0x00007ffcf4402000 	C:\Windows\System32\win32u.dll
0x00007ffcf53a0000 - 0x00007ffcf53cb000 	C:\Windows\System32\GDI32.dll
0x00007ffcf4180000 - 0x00007ffcf4297000 	C:\Windows\System32\gdi32full.dll
0x00007ffcf3d70000 - 0x00007ffcf3e0d000 	C:\Windows\System32\msvcp_win.dll
0x00007ffcf45a0000 - 0x00007ffcf46a0000 	C:\Windows\System32\ucrtbase.dll
0x00007ffcf53d0000 - 0x00007ffcf5402000 	C:\Windows\System32\IMM32.DLL
0x00007ffc94270000 - 0x00007ffc942aa000 	C:\Fiji.app\java\win64\zulu8.60.0.21-ca-fx-jdk8.0.322-win_x64\jre\bin\splashscreen.dll
0x00007ffcc86f0000 - 0x00007ffcc870d000 	C:\Windows\SYSTEM32\VCRUNTIME140.dll
0x00007ffcf1600000 - 0x00007ffcf169e000 	C:\Windows\system32\uxtheme.dll
0x00007ffcf5040000 - 0x00007ffcf5393000 	C:\Windows\System32\combase.dll
0x000000005e790000 - 0x000000005effa000 	C:\Fiji.app\java\win64\zulu8.60.0.21-ca-fx-jdk8.0.322-win_x64\jre\bin\server\jvm.dll
0x00007ffcf48b0000 - 0x00007ffcf48b8000 	C:\Windows\System32\PSAPI.DLL
0x00007ffcb3070000 - 0x00007ffcb3079000 	C:\Windows\SYSTEM32\WSOCK32.dll
0x00007ffcf5630000 - 0x00007ffcf569b000 	C:\Windows\System32\WS2_32.dll
0x00007ffce1d80000 - 0x00007ffce1da7000 	C:\Windows\SYSTEM32\WINMM.dll
0x00007ffceb130000 - 0x00007ffceb13a000 	C:\Windows\SYSTEM32\VERSION.dll
0x00007ffcb3060000 - 0x00007ffcb3070000 	C:\Fiji.app\java\win64\zulu8.60.0.21-ca-fx-jdk8.0.322-win_x64\jre\bin\verify.dll
0x00007ffc955c0000 - 0x00007ffc955eb000 	C:\Fiji.app\java\win64\zulu8.60.0.21-ca-fx-jdk8.0.322-win_x64\jre\bin\java.dll
0x00007ffcf5b70000 - 0x00007ffcf5c84000 	C:\Windows\System32\MSCTF.dll
0x00007ffcf5410000 - 0x00007ffcf54dd000 	C:\Windows\System32\OLEAUT32.dll
0x00007ffcad3b0000 - 0x00007ffcad3c8000 	C:\Fiji.app\java\win64\zulu8.60.0.21-ca-fx-jdk8.0.322-win_x64\jre\bin\zip.dll
0x00007ffcf1bc0000 - 0x00007ffcf1bd2000 	C:\Windows\SYSTEM32\kernel.appcore.dll
0x00007ffcf4350000 - 0x00007ffcf43d2000 	C:\Windows\System32\bcryptPrimitives.dll
0x00007ffcde060000 - 0x00007ffcde159000 	C:\Windows\SYSTEM32\textinputframework.dll
0x00007ffcf0d10000 - 0x00007ffcf106b000 	C:\Windows\System32\CoreUIComponents.dll
0x00007ffcf54e0000 - 0x00007ffcf558d000 	C:\Windows\System32\SHCORE.dll
0x00007ffcf1070000 - 0x00007ffcf1162000 	C:\Windows\System32\CoreMessaging.dll
0x00007ffcf2e70000 - 0x00007ffcf2ea3000 	C:\Windows\SYSTEM32\ntmarta.dll
0x00007ffcf0600000 - 0x00007ffcf0757000 	C:\Windows\SYSTEM32\wintypes.dll
0x00007ffcf5ec0000 - 0x00007ffcf662b000 	C:\Windows\System32\SHELL32.dll
0x00007ffcf1dc0000 - 0x00007ffcf255d000 	C:\Windows\SYSTEM32\windows.storage.dll
0x00007ffcf3740000 - 0x00007ffcf376e000 	C:\Windows\SYSTEM32\Wldp.dll
0x00007ffcf49b0000 - 0x00007ffcf4a05000 	C:\Windows\System32\shlwapi.dll
0x00007ffcf3c50000 - 0x00007ffcf3c74000 	C:\Windows\SYSTEM32\profapi.dll
0x00007ffc940d0000 - 0x00007ffc94264000 	C:\Fiji.app\java\win64\zulu8.60.0.21-ca-fx-jdk8.0.322-win_x64\jre\bin\awt.dll
0x00007ffcc8660000 - 0x00007ffcc86ed000 	C:\Windows\SYSTEM32\MSVCP140.dll
0x00007ffcc8cb0000 - 0x00007ffcc8cbc000 	C:\Windows\SYSTEM32\VCRUNTIME140_1.dll
0x00007ffcf1510000 - 0x00007ffcf15a0000 	C:\Windows\SYSTEM32\apphelp.dll
0x00007ffcf19b0000 - 0x00007ffcf19df000 	C:\Windows\system32\DWMAPI.DLL
0x00007ffc93fa0000 - 0x00007ffc940c5000 	C:\Windows\system32\opengl32.dll
0x00007ffc93f70000 - 0x00007ffc93f9c000 	C:\Windows\SYSTEM32\GLU32.dll
0x00007ffce38f0000 - 0x00007ffce39a0000 	C:\Windows\WinSxS\amd64_microsoft.windows.common-controls_6595b64144ccf1df_5.82.19041.4355_none_792ecafd2442822f\COMCTL32.dll
0x00007ffcf4b50000 - 0x00007ffcf4c7b000 	C:\Windows\System32\ole32.dll
0x00007ffcf38d0000 - 0x00007ffcf38e2000 	C:\Windows\SYSTEM32\msasn1.dll
0x00007ffcea160000 - 0x00007ffcea191000 	C:\Windows\SYSTEM32\cryptnet.dll
0x00007ffcf4440000 - 0x00007ffcf459e000 	C:\Windows\System32\CRYPT32.dll
0x00007ffcf36b0000 - 0x00007ffcf36bc000 	C:\Windows\SYSTEM32\cryptbase.dll
0x00007ffcf3e10000 - 0x00007ffcf3e77000 	C:\Windows\System32\wintrust.dll
0x00007ffcf4890000 - 0x00007ffcf48ad000 	C:\Windows\System32\imagehlp.dll
0x00007ffcf3690000 - 0x00007ffcf36a8000 	C:\Windows\SYSTEM32\CRYPTSP.dll
0x00007ffcf2d50000 - 0x00007ffcf2d84000 	C:\Windows\system32\rsaenh.dll
0x00007ffceb430000 - 0x00007ffceb577000 	C:\Windows\SYSTEM32\drvstore.dll
0x00007ffcf3aa0000 - 0x00007ffcf3ad3000 	C:\Windows\SYSTEM32\devobj.dll
0x00007ffcf3d20000 - 0x00007ffcf3d6e000 	C:\Windows\System32\cfgmgr32.dll
0x00007ffce3ea0000 - 0x00007ffce60bd000 	C:\Windows\System32\DriverStore\FileRepository\nv_dispig.inf_amd64_618b150331c5f4ad\nvgpucomp64.dll
0x00007ffca8fc0000 - 0x00007ffca9291000 	C:\Windows\system32\nvspcap64.dll
0x00007ffcf2570000 - 0x00007ffcf2593000 	C:\Windows\SYSTEM32\gpapi.dll
0x00007ffceea00000 - 0x00007ffceea3b000 	C:\Windows\SYSTEM32\dxcore.dll
0x00007ffc93cc0000 - 0x00007ffc93d93000 	C:\Fiji.app\java\win64\zulu8.60.0.21-ca-fx-jdk8.0.322-win_x64\jre\bin\freetype.dll
0x00007ffc90ce0000 - 0x00007ffc90d2b000 	C:\Fiji.app\java\win64\zulu8.60.0.21-ca-fx-jdk8.0.322-win_x64\jre\bin\fontmanager.dll
0x00007ffc93ca0000 - 0x00007ffc93cbc000 	C:\Fiji.app\java\win64\zulu8.60.0.21-ca-fx-jdk8.0.322-win_x64\jre\bin\net.dll
0x00007ffcf34a0000 - 0x00007ffcf350a000 	C:\Windows\system32\mswsock.dll
0x00007ffc90cc0000 - 0x00007ffc90cd3000 	C:\Fiji.app\java\win64\zulu8.60.0.21-ca-fx-jdk8.0.322-win_x64\jre\bin\nio.dll
0x00007ffcf4a10000 - 0x00007ffcf4ab9000 	C:\Windows\System32\clbcatq.dll
0x00007ffce3a50000 - 0x00007ffce3cea000 	C:\Windows\WinSxS\amd64_microsoft.windows.common-controls_6595b64144ccf1df_6.0.19041.4355_none_60b8b9eb71f62e16\comctl32.dll
0x00007ffced340000 - 0x00007ffced4f4000 	C:\Windows\SYSTEM32\WindowsCodecs.dll
0x00007ffcb9600000 - 0x00007ffcb963e000 	C:\Windows\system32\dataexchange.dll
0x00007ffcefa90000 - 0x00007ffcefcf3000 	C:\Windows\system32\d3d11.dll
0x00007ffcf0760000 - 0x00007ffcf0945000 	C:\Windows\system32\dcomp.dll
0x00007ffcf25a0000 - 0x00007ffcf2692000 	C:\Windows\system32\dxgi.dll
0x00007ffced630000 - 0x00007ffced833000 	C:\Windows\system32\twinapi.appcore.dll
0x00007ffcf3bc0000 - 0x00007ffcf3bee000 	C:\Windows\SYSTEM32\USERENV.dll
0x00007ffcf3130000 - 0x00007ffcf316b000 	C:\Windows\SYSTEM32\IPHLPAPI.DLL
0x00007ffcf4c80000 - 0x00007ffcf4c88000 	C:\Windows\System32\NSI.dll
0x00007ffcedab0000 - 0x00007ffcedac7000 	C:\Windows\SYSTEM32\dhcpcsvc6.DLL
0x00007ffcedd30000 - 0x00007ffcedd4d000 	C:\Windows\SYSTEM32\dhcpcsvc.DLL
0x00007ffcf3180000 - 0x00007ffcf324b000 	C:\Windows\SYSTEM32\DNSAPI.dll
0x00007ffcb81e0000 - 0x00007ffcb81f7000 	C:\Windows\system32\napinsp.dll
0x00007ffcb8200000 - 0x00007ffcb821b000 	C:\Windows\system32\pnrpnsp.dll
0x00007ffceec10000 - 0x00007ffceec25000 	C:\Windows\system32\wshbth.dll
0x00007ffcee6f0000 - 0x00007ffcee70d000 	C:\Windows\system32\NLAapi.dll
0x00007ffcb8370000 - 0x00007ffcb8382000 	C:\Windows\System32\winrnr.dll
0x00007ffce7830000 - 0x00007ffce783a000 	C:\Windows\System32\rasadhlp.dll
0x00007ffce23e0000 - 0x00007ffce2460000 	C:\Windows\System32\fwpuclnt.dll
0x00007ffcc47e0000 - 0x00007ffcc49ae000 	C:\Windows\system32\d3d9.dll
0x00007ffce9fc0000 - 0x00007ffcea07e000 	C:\Windows\System32\DriverStore\FileRepository\nv_dispig.inf_amd64_618b150331c5f4ad\nvldumdx.dll
0x00007ffc893a0000 - 0x00007ffc8b74f000 	C:\Windows\System32\DriverStore\FileRepository\nv_dispig.inf_amd64_618b150331c5f4ad\nvd3dumx.dll

VM Arguments:
jvm_args: -Dpython.cachedir.skip=true -Dplugins.dir=C:\Fiji.app -Xmx98178m -Xincgc -XX:PermSize=128m 
java_command: <unknown>
java_class_path (initial): C:\Fiji.app/jars/imagej-launcher-6.0.2.jar
Launcher Type: generic

Environment Variables:
JAVA_HOME=C:\Fiji.app/java/win64/zulu8.60.0.21-ca-fx-jdk8.0.322-win_x64//jre
PATH=C:\Program Files\NVIDIA GPU Computing Toolkit\CUDA\v10.0\bin;C:\Program Files\NVIDIA GPU Computing Toolkit\CUDA\v10.0\libnvvp;C:\Program Files\NVIDIA GPU Computing Toolkit\CUDA\v11.8\bin;C:\Program Files\NVIDIA GPU Computing Toolkit\CUDA\v11.8\libnvvp;C:\Program Files\NVIDIA GPU Computing Toolkit\CUDA\v11.0\bin;C:\Program Files\NVIDIA GPU Computing Toolkit\CUDA\v11.0\libnvvp;C:\Program Files\NVIDIA GPU Computing Toolkit\CUDA\v10.1\bin;C:\Program Files\NVIDIA GPU Computing Toolkit\CUDA\v10.1\libnvvp;C:\Program Files\Common Files\Oracle\Java\javapath;C:\Windows\system32;C:\Windows;C:\Windows\System32\Wbem;C:\Windows\System32\WindowsPowerShell\v1.0\;C:\Windows\System32\OpenSSH\;C:\Program Files (x86)\NVIDIA Corporation\PhysX\Common;C:\Program Files\NVIDIA Corporation\NVIDIA NvDLISR;C:\Program Files\Wolfram Research\WolframScript\;C:\Program Files\MATLAB\R2022b\runtime\win64;C:\Program Files\MATLAB\R2022b\bin;C:\Program Files\Java\jdk-21\bin\server;C:\Program Files\Microsoft SQL Server\150\Tools\Binn\;C:\Program Files\Microsoft SQL Server\Client SDK\ODBC\170\Tools\Binn\;C:\Program Files\dotnet\;C:\Program Files (x86)\Windows Kits\10\Windows Performance Toolkit\;C:\Program Files\Git\cmd;C:\Users\Administrator\.dotnet\tools;C:\Users\Administrator\anaconda3\;C:\Program Files\NVIDIA GPU Computing Toolkit\CUDA\v11.8\bin;C:\Program Files\NVIDIA GPU Computing Toolkit\CUDA\v11.8\libnvvp;;C:\Fiji.app/lib/win64;C:\Fiji.app/mm/win64;C:\Fiji.app/java/win64/zulu8.60.0.21-ca-fx-jdk8.0.322-win_x64//jre/bin
USERNAME=Administrator
OS=Windows_NT
PROCESSOR_IDENTIFIER=Intel64 Family 6 Model 183 Stepping 1, GenuineIntel



---------------  S Y S T E M  ---------------

OS: Windows 10.0 , 64 bit Build 19041 (10.0.19041.3636)

CPU:total 28 (initial active 28) (28 cores per cpu, 1 threads per core) family 6 model 183 stepping 1, cmov, cx8, fxsr, mmx, sse, sse2, sse3, ssse3, sse4.1, sse4.2, popcnt, avx, avx2, aes, clmul, erms, 3dnowpref, lzcnt, tsc, tscinvbit, bmi1, bmi2, adx

Memory: 4k page, physical 134044780k(59362572k free), swap 256059668k(0k free)

vm_info: OpenJDK 64-Bit Server VM (25.322-b06) for windows-amd64 JRE (Zulu 8.60.0.21-CA-win64) (1.8.0_322-b06), built on Jan 13 2022 14:51:16 by "tester" with MS VC++ 15.9 (VS2017)

time: Mon Jun 17 10:46:29 2024
timezone: Jerusalem Daylight Time
elapsed time: 79035.187288 seconds (0d 21h 57m 15s)

