#
# There is insufficient memory for the Java Runtime Environment to continue.
# Native memory allocation (malloc) failed to allocate 252496 bytes for Chunk::new
# Possible reasons:
#   The system is out of physical RAM or swap space
# Possible solutions:
#   Reduce memory load on the system
#   Increase physical memory or swap space
#   Check if swap backing store is full
#   Decrease Java heap size (-Xmx/-Xms)
#   Decrease number of Java threads
#   Decrease Java thread stack sizes (-Xss)
#   Set larger code cache with -XX:ReservedCodeCacheSize=
# This output file may be truncated or incomplete.
#
#  Out of Memory Error (allocation.cpp:389), pid=10840, tid=0x0000000000004f4c
#
# JRE version: OpenJDK Runtime Environment (Zulu 8.60.0.21-CA-win64) (8.0_322-b06) (build 1.8.0_322-b06)
# Java VM: OpenJDK 64-Bit Server VM (25.322-b06 mixed mode windows-amd64 )
# Failed to write core dump. Minidumps are not enabled by default on client versions of Windows
#

---------------  T H R E A D  ---------------

Current thread (0x0000000034606000):  JavaThread "C2 CompilerThread4" daemon [_thread_in_native, id=20300, stack(0x0000000037420000,0x0000000037620000)]

Stack: [0x0000000037420000,0x0000000037620000]
[error occurred during error reporting (printing stack bounds), id 0xc0000005]

Native frames: (J=compiled Java code, j=interpreted, Vv=VM code, C=native code)


Current CompileTask:
C2:79035199 5284       4       java.util.TimSort::gallopLeft (335 bytes)


---------------  P R O C E S S  ---------------

Java Threads: ( => current thread )
  0x000000003d630000 JavaThread "DestroyJavaVM" [_thread_blocked, id=6404, stack(0x0000000000430000,0x0000000000630000)]
  0x000000003d636800 JavaThread "RMI Scheduler(0)" daemon [_thread_blocked, id=25540, stack(0x0000000048a30000,0x0000000048c30000)]
  0x0000000039161000 JavaThread "Timer-0" [_thread_blocked, id=19080, stack(0x0000000046e30000,0x0000000047030000)]
  0x000000003a407000 JavaThread "AWT-EventQueue-0" [_thread_blocked, id=24540, stack(0x0000000046c30000,0x0000000046e30000)]
  0x000000003a482000 JavaThread "AWT-Windows" daemon [_thread_in_native, id=23640, stack(0x000000003fe70000,0x0000000040070000)]
  0x000000003d7ce000 JavaThread "AWT-Shutdown" [_thread_blocked, id=23620, stack(0x000000003fc70000,0x000000003fe70000)]
  0x000000003dd4b000 JavaThread "Java2D Disposer" daemon [_thread_blocked, id=23616, stack(0x000000003fa70000,0x000000003fc70000)]
  0x00000000346f5800 JavaThread "Service Thread" daemon [_thread_blocked, id=20360, stack(0x0000000038420000,0x0000000038620000)]
  0x000000003460a000 JavaThread "C1 CompilerThread11" daemon [_thread_blocked, id=20344, stack(0x0000000038220000,0x0000000038420000)]
  0x0000000034607800 JavaThread "C1 CompilerThread10" daemon [_thread_blocked, id=20340, stack(0x0000000038020000,0x0000000038220000)]
  0x0000000034606800 JavaThread "C1 CompilerThread9" daemon [_thread_blocked, id=20332, stack(0x0000000037e20000,0x0000000038020000)]
  0x000000003460e000 JavaThread "C1 CompilerThread8" daemon [_thread_blocked, id=20328, stack(0x0000000037c20000,0x0000000037e20000)]
  0x000000003460d000 JavaThread "C2 CompilerThread7" daemon [_thread_blocked, id=20324, stack(0x0000000037a20000,0x0000000037c20000)]
  0x000000003460c000 JavaThread "C2 CompilerThread6" daemon [_thread_blocked, id=20316, stack(0x0000000037820000,0x0000000037a20000)]
  0x000000003460b800 JavaThread "C2 CompilerThread5" daemon [_thread_blocked, id=20308, stack(0x0000000037620000,0x0000000037820000)]
=>0x0000000034606000 JavaThread "C2 CompilerThread4" daemon [_thread_in_native, id=20300, stack(0x0000000037420000,0x0000000037620000)]
  0x00000000345ac000 JavaThread "C2 CompilerThread3" daemon [_thread_blocked, id=20292, stack(0x0000000037220000,0x0000000037420000)]
  0x00000000345b2000 JavaThread "C2 CompilerThread2" daemon [_thread_blocked, id=20284, stack(0x0000000037020000,0x0000000037220000)]
  0x00000000345b1000 JavaThread "C2 CompilerThread1" daemon [_thread_blocked, id=20276, stack(0x0000000036e20000,0x0000000037020000)]
  0x00000000345b0800 JavaThread "C2 CompilerThread0" daemon [_thread_blocked, id=20256, stack(0x0000000036c20000,0x0000000036e20000)]
  0x00000000345f5800 JavaThread "Attach Listener" daemon [_thread_blocked, id=20188, stack(0x0000000036a20000,0x0000000036c20000)]
  0x000000002ddbc000 JavaThread "Signal Dispatcher" daemon [_thread_blocked, id=20180, stack(0x0000000036820000,0x0000000036a20000)]
  0x000000002ddbb000 JavaThread "Surrogate Locker Thread (Concurrent GC)" daemon [_thread_blocked, id=20168, stack(0x0000000036620000,0x0000000036820000)]
  0x000000002ddab800 JavaThread "Finalizer" daemon [_thread_blocked, id=17368, stack(0x0000000036320000,0x0000000036520000)]
  0x0000000034599000 JavaThread "Reference Handler" daemon [_thread_blocked, id=10168, stack(0x0000000036120000,0x0000000036320000)]

Other Threads:
  0x000000002dd9c000 VMThread [stack: 0x0000000035f20000,0x0000000036120000] [id=19052]
  0x00000000346df000 WatcherThread [stack: 0x0000000038620000,0x0000000038820000] [id=20368]

VM state:not at safepoint (normal execution)

VM Mutex/Monitor currently owned by a thread: None

OutOfMemory and StackOverflow Exception counts:
OutOfMemoryError java_heap_errors=1

Heap:
 par new generation   total 636800K, used 49560K [0x0000000080000000, 0x00000000ab2f0000, 0x00000000e8000000)
  eden space 566080K,   8% used [0x0000000080000000, 0x0000000083066240, 0x00000000a28d0000)
  from space 70720K,   0% used [0x00000000a6de0000, 0x00000000a6de0000, 0x00000000ab2f0000)
  to   space 70720K,   0% used [0x00000000a28d0000, 0x00000000a28d0000, 0x00000000a6de0000)
 concurrent mark-sweep generation total 2688240K, used 2363163K [0x00000000e8000000, 0x000000018c13c000, 0x0000001878200000)
 Metaspace       used 50330K, capacity 51179K, committed 51460K, reserved 53248K

Card table byte_map: [0x00000000147d0000,0x00000000207a0000] byte_map_base: 0x00000000143d0000

Marking Bits: (CMSBitMap*) 0x000000002088fd08
 Bits: [0x0000001878200000, 0x00000018d6608000)

Mod Union Table: (CMSBitMap*) 0x000000002088fdc8
 Bits: [0x000000002ddc0000, 0x000000002f550200)

Polling page: 0x0000000000190000

CodeCache: size=245760Kb used=16998Kb max_used=18590Kb free=228761Kb
 bounds [0x0000000002b10000, 0x0000000003d80000, 0x0000000011b10000]
 total_blobs=4634 nmethods=3949 adapters=593
 compilation: enabled

Compilation events (10 events):
Event: 63903.893 Thread 0x000000003460d000 nmethod 5280 0x0000000003169f50 code [0x000000000316a080, 0x000000000316a0f8]
Event: 79035.073 Thread 0x0000000034607800 5281  s    3       sun.awt.windows.WDesktopProperties::setSoundProperty (84 bytes)
Event: 79035.074 Thread 0x0000000034607800 nmethod 5281 0x0000000002ff3c50 code [0x0000000002ff3ea0, 0x0000000002ff4d78]
Event: 79035.081 Thread 0x000000003460a000 5282  s    3       sun.awt.windows.WDesktopProperties::setFontProperty (198 bytes)
Event: 79035.081 Thread 0x000000003460a000 nmethod 5282 0x0000000003419ad0 code [0x0000000003419ec0, 0x000000000341c3a8]
Event: 79035.090 Thread 0x0000000034606800 5283       3       java.awt.Font::<init> (56 bytes)
Event: 79035.090 Thread 0x0000000034606800 nmethod 5283 0x0000000003824ed0 code [0x0000000003825040, 0x00000000038252d0]
Event: 79035.112 Thread 0x0000000034606000 5284       4       java.util.TimSort::gallopLeft (335 bytes)
Event: 79035.112 Thread 0x000000003460e000 5285       2       java.util.TimSort::gallopRight (335 bytes)
Event: 79035.112 Thread 0x000000003460e000 nmethod 5285 0x00000000038d3550 code [0x00000000038d3700, 0x00000000038d3cf8]

GC Heap History (10 events):
Event: 7476.708 GC heap before
{Heap before GC invocations=28 (full 4):
 par new generation   total 636800K, used 566233K [0x0000000080000000, 0x00000000ab2f0000, 0x00000000e8000000)
  eden space 566080K, 100% used [0x0000000080000000, 0x00000000a28d0000, 0x00000000a28d0000)
  from space 70720K,   0% used [0x00000000a28d0000, 0x00000000a28f67e8, 0x00000000a6de0000)
  to   space 70720K,   0% used [0x00000000a6de0000, 0x00000000a6de0000, 0x00000000ab2f0000)
 concurrent mark-sweep generation total 2688240K, used 1598907K [0x00000000e8000000, 0x000000018c13c000, 0x0000001878200000)
 Metaspace       used 50325K, capacity 51216K, committed 51460K, reserved 53248K
Event: 7476.710 GC heap after
Heap after GC invocations=29 (full 4):
 par new generation   total 636800K, used 155K [0x0000000080000000, 0x00000000ab2f0000, 0x00000000e8000000)
  eden space 566080K,   0% used [0x0000000080000000, 0x0000000080000000, 0x00000000a28d0000)
  from space 70720K,   0% used [0x00000000a6de0000, 0x00000000a6e06e68, 0x00000000ab2f0000)
  to   space 70720K,   0% used [0x00000000a28d0000, 0x00000000a28d0000, 0x00000000a6de0000)
 concurrent mark-sweep generation total 2688240K, used 1598921K [0x00000000e8000000, 0x000000018c13c000, 0x0000001878200000)
 Metaspace       used 50325K, capacity 51216K, committed 51460K, reserved 53248K
}
Event: 7716.062 GC heap before
{Heap before GC invocations=29 (full 4):
 par new generation   total 636800K, used 566235K [0x0000000080000000, 0x00000000ab2f0000, 0x00000000e8000000)
  eden space 566080K, 100% used [0x0000000080000000, 0x00000000a28d0000, 0x00000000a28d0000)
  from space 70720K,   0% used [0x00000000a6de0000, 0x00000000a6e06e68, 0x00000000ab2f0000)
  to   space 70720K,   0% used [0x00000000a28d0000, 0x00000000a28d0000, 0x00000000a6de0000)
 concurrent mark-sweep generation total 2688240K, used 1598921K [0x00000000e8000000, 0x000000018c13c000, 0x0000001878200000)
 Metaspace       used 50325K, capacity 51216K, committed 51460K, reserved 53248K
Event: 7716.063 GC heap after
Heap after GC invocations=30 (full 4):
 par new generation   total 636800K, used 158K [0x0000000080000000, 0x00000000ab2f0000, 0x00000000e8000000)
  eden space 566080K,   0% used [0x0000000080000000, 0x0000000080000000, 0x00000000a28d0000)
  from space 70720K,   0% used [0x00000000a28d0000, 0x00000000a28f79f8, 0x00000000a6de0000)
  to   space 70720K,   0% used [0x00000000a6de0000, 0x00000000a6de0000, 0x00000000ab2f0000)
 concurrent mark-sweep generation total 2688240K, used 1598931K [0x00000000e8000000, 0x000000018c13c000, 0x0000001878200000)
 Metaspace       used 50325K, capacity 51216K, committed 51460K, reserved 53248K
}
Event: 7906.518 GC heap before
{Heap before GC invocations=30 (full 4):
 par new generation   total 636800K, used 380480K [0x0000000080000000, 0x00000000ab2f0000, 0x00000000e8000000)
  eden space 566080K,  67% used [0x0000000080000000, 0x0000000097368760, 0x00000000a28d0000)
  from space 70720K,   0% used [0x00000000a28d0000, 0x00000000a28f79f8, 0x00000000a6de0000)
  to   space 70720K,   0% used [0x00000000a6de0000, 0x00000000a6de0000, 0x00000000ab2f0000)
 concurrent mark-sweep generation total 2688240K, used 2369327K [0x00000000e8000000, 0x000000018c13c000, 0x0000001878200000)
 Metaspace       used 50400K, capacity 51344K, committed 51460K, reserved 53248K
Event: 7908.033 GC heap after
Heap after GC invocations=31 (full 5):
 par new generation   total 636800K, used 0K [0x0000000080000000, 0x00000000ab2f0000, 0x00000000e8000000)
  eden space 566080K,   0% used [0x0000000080000000, 0x0000000080000000, 0x00000000a28d0000)
  from space 70720K,   0% used [0x00000000a6de0000, 0x00000000a6de0000, 0x00000000ab2f0000)
  to   space 70720K,   0% used [0x00000000a28d0000, 0x00000000a28d0000, 0x00000000a6de0000)
 concurrent mark-sweep generation total 2688240K, used 2368678K [0x00000000e8000000, 0x000000018c13c000, 0x0000001878200000)
 Metaspace       used 50400K, capacity 51344K, committed 51460K, reserved 53248K
}
Event: 7908.033 GC heap before
{Heap before GC invocations=31 (full 5):
 par new generation   total 636800K, used 0K [0x0000000080000000, 0x00000000ab2f0000, 0x00000000e8000000)
  eden space 566080K,   0% used [0x0000000080000000, 0x0000000080000000, 0x00000000a28d0000)
  from space 70720K,   0% used [0x00000000a6de0000, 0x00000000a6de0000, 0x00000000ab2f0000)
  to   space 70720K,   0% used [0x00000000a28d0000, 0x00000000a28d0000, 0x00000000a6de0000)
 concurrent mark-sweep generation total 2688240K, used 2368678K [0x00000000e8000000, 0x000000018c13c000, 0x0000001878200000)
 Metaspace       used 50400K, capacity 51344K, committed 51460K, reserved 53248K
Event: 7908.244 GC heap after
Heap after GC invocations=32 (full 6):
 par new generation   total 636800K, used 0K [0x0000000080000000, 0x00000000ab2f0000, 0x00000000e8000000)
  eden space 566080K,   0% used [0x0000000080000000, 0x0000000080000000, 0x00000000a28d0000)
  from space 70720K,   0% used [0x00000000a6de0000, 0x00000000a6de0000, 0x00000000ab2f0000)
  to   space 70720K,   0% used [0x00000000a28d0000, 0x00000000a28d0000, 0x00000000a6de0000)
 concurrent mark-sweep generation total 2688240K, used 2363217K [0x00000000e8000000, 0x000000018c13c000, 0x0000001878200000)
 Metaspace       used 50308K, capacity 51179K, committed 51460K, reserved 53248K
}
Event: 7908.254 GC heap before
{Heap before GC invocations=32 (full 6):
 par new generation   total 636800K, used 11379K [0x0000000080000000, 0x00000000ab2f0000, 0x00000000e8000000)
  eden space 566080K,   2% used [0x0000000080000000, 0x0000000080b1ce98, 0x00000000a28d0000)
  from space 70720K,   0% used [0x00000000a6de0000, 0x00000000a6de0000, 0x00000000ab2f0000)
  to   space 70720K,   0% used [0x00000000a28d0000, 0x00000000a28d0000, 0x00000000a6de0000)
 concurrent mark-sweep generation total 2688240K, used 2363217K [0x00000000e8000000, 0x000000018c13c000, 0x0000001878200000)
 Metaspace       used 50317K, capacity 51179K, committed 51460K, reserved 53248K
Event: 7908.466 GC heap after
Heap after GC invocations=33 (full 7):
 par new generation   total 636800K, used 0K [0x0000000080000000, 0x00000000ab2f0000, 0x00000000e8000000)
  eden space 566080K,   0% used [0x0000000080000000, 0x0000000080000000, 0x00000000a28d0000)
  from space 70720K,   0% used [0x00000000a6de0000, 0x00000000a6de0000, 0x00000000ab2f0000)
  to   space 70720K,   0% used [0x00000000a28d0000, 0x00000000a28d0000, 0x00000000a6de0000)
 concurrent mark-sweep generation total 2688240K, used 2363170K [0x00000000e8000000, 0x000000018c13c000, 0x0000001878200000)
 Metaspace       used 50317K, capacity 51179K, committed 51460K, reserved 53248K
}

Deoptimization events (10 events):
Event: 79035.112 Thread 0x000000003a407000 Uncommon trap: reason=class_check action=maybe_recompile pc=0x0000000003916380 method=java.util.TimSort.gallopRight(Ljava/lang/Object;[Ljava/lang/Object;IIILjava/util/Comparator;)I @ 44
Event: 79035.112 Thread 0x000000003a407000 Uncommon trap: reason=class_check action=maybe_recompile pc=0x0000000003c137a8 method=java.util.TimSort.gallopLeft(Ljava/lang/Object;[Ljava/lang/Object;IIILjava/util/Comparator;)I @ 44
Event: 79035.112 Thread 0x000000003a407000 Uncommon trap: reason=class_check action=maybe_recompile pc=0x0000000003916380 method=java.util.TimSort.gallopRight(Ljava/lang/Object;[Ljava/lang/Object;IIILjava/util/Comparator;)I @ 44
Event: 79035.112 Thread 0x000000003a407000 Uncommon trap: reason=class_check action=maybe_recompile pc=0x0000000002e033b0 method=java.util.TimSort.countRunAndMakeAscending([Ljava/lang/Object;IILjava/util/Comparator;)I @ 43
Event: 79035.112 Thread 0x000000003a407000 Uncommon trap: reason=class_check action=maybe_recompile pc=0x0000000003ad366c method=java.util.TimSort.binarySort([Ljava/lang/Object;IIILjava/util/Comparator;)V @ 93
Event: 79035.112 Thread 0x000000003a407000 Uncommon trap: reason=class_check action=maybe_recompile pc=0x0000000003916380 method=java.util.TimSort.gallopRight(Ljava/lang/Object;[Ljava/lang/Object;IIILjava/util/Comparator;)I @ 44
Event: 79035.112 Thread 0x000000003a407000 Uncommon trap: reason=class_check action=maybe_recompile pc=0x0000000003c137a8 method=java.util.TimSort.gallopLeft(Ljava/lang/Object;[Ljava/lang/Object;IIILjava/util/Comparator;)I @ 44
Event: 79035.112 Thread 0x000000003a407000 Uncommon trap: reason=class_check action=maybe_recompile pc=0x0000000003be10f0 method=java.util.TimSort.mergeHi(IIII)V @ 227
Event: 79035.112 Thread 0x000000003a407000 Uncommon trap: reason=class_check action=maybe_recompile pc=0x0000000003c137a8 method=java.util.TimSort.gallopLeft(Ljava/lang/Object;[Ljava/lang/Object;IIILjava/util/Comparator;)I @ 44
Event: 79035.112 Thread 0x000000003a407000 Uncommon trap: reason=class_check action=maybe_recompile pc=0x0000000003be10f0 method=java.util.TimSort.mergeHi(IIII)V @ 227

Classes redefined (0 events):
No events

Internal exceptions (10 events):
Event: 11.873 Thread 0x0000000000812000 Implicit null exception at 0x0000000003198fac to 0x0000000003199119
Event: 12.100 Thread 0x0000000000812000 Exception <a 'java/lang/NoClassDefFoundError': jupyter/Displayer> (0x0000000097607c78) thrown at [C:\jenkins\workspace\zulu8-build-win64\zulu-src\hotspot\src\share\vm\classfile\systemDictionary.cpp, line 209]
Event: 12.601 Thread 0x0000000000812000 Exception <a 'java/lang/NoSuchMethodError': <clinit>> (0x0000000098968658) thrown at [C:\jenkins\workspace\zulu8-build-win64\zulu-src\hotspot\src\share\vm\prims\jni.cpp, line 1616]
Event: 12.605 Thread 0x0000000000812000 Exception <a 'java/lang/NoSuchMethodError': <clinit>> (0x00000000989cc2a0) thrown at [C:\jenkins\workspace\zulu8-build-win64\zulu-src\hotspot\src\share\vm\prims\jni.cpp, line 1616]
Event: 7906.517 Thread 0x0000000000812000 Exception <a 'java/lang/ClassCastException': java.awt.MenuItem cannot be cast to java.awt.CheckboxMenuItem> (0x00000000970e9120) thrown at [C:\jenkins\workspace\zulu8-build-win64\zulu-src\hotspot\src\share\vm\interpreter\interpreterRuntime.cpp, line 407]
Event: 7908.244 Thread 0x0000000000812000 Exception <a 'java/lang/OutOfMemoryError'> (0x000000011718a128) thrown at [C:\jenkins\workspace\zulu8-build-win64\zulu-src\hotspot\src\share\vm\gc_interface/collectedHeap.inline.hpp, line 168]
Event: 7908.251 Thread 0x0000000000812000 Implicit null exception at 0x00000000034b4844 to 0x00000000034b57f4
Event: 7910.456 Thread 0x0000000000812000 JVM_StopThread thread JavaThread 0x0000000000812000 as oop 0x0000000117059630 [exception 0x000000000062a648]
Event: 7910.456 Thread 0x0000000000812000 Exception <a 'java/lang/ThreadDeath'> (0x0000000080000a58) thrown at [C:\jenkins\workspace\zulu8-build-win64\zulu-src\hotspot\src\share\vm\prims\jvm.cpp, line 3218]
Event: 7910.458 Thread 0x000000003d630000 Implicit null exception at 0x00000000039d0f68 to 0x00000000039d19b0

Events (10 events):
Event: 79035.112 Thread 0x000000003a407000 DEOPT UNPACKING pc=0x0000000002b5567b sp=0x0000000046e2ca88 mode 2
Event: 79035.112 Thread 0x000000003a407000 Uncommon trap: trap_request=0xffffffde fr.pc=0x0000000003be10f0
Event: 79035.112 Thread 0x000000003a407000 DEOPT PACKING pc=0x0000000003be10f0 sp=0x0000000046e2ca90
Event: 79035.112 Thread 0x000000003a407000 DEOPT UNPACKING pc=0x0000000002b5567b sp=0x0000000046e2ca60 mode 2
Event: 79035.112 Thread 0x000000003a407000 Uncommon trap: trap_request=0xffffffde fr.pc=0x0000000003c137a8
Event: 79035.112 Thread 0x000000003a407000 DEOPT PACKING pc=0x0000000003c137a8 sp=0x0000000046e2c9f0
Event: 79035.112 Thread 0x000000003a407000 DEOPT UNPACKING pc=0x0000000002b5567b sp=0x0000000046e2c9a8 mode 2
Event: 79035.112 Thread 0x000000003a407000 Uncommon trap: trap_request=0xffffffde fr.pc=0x0000000003be10f0
Event: 79035.112 Thread 0x000000003a407000 DEOPT PACKING pc=0x0000000003be10f0 sp=0x0000000046e2ca90
Event: 79035.112 Thread 0x000000003a407000 DEOPT UNPACKING pc=0x0000000002b5567b sp=0x0000000046e2ca60 mode 2


Dynamic libraries:
0x0000000000400000 - 0x000000000042f000 	C:\Fiji.app\ImageJ-win64.exe
0x00007ffcf6670000 - 0x00007ffcf6868000 	C:\Windows\SYSTEM32\ntdll.dll
0x00007ffcf46a0000 - 0x00007ffcf475d000 	C:\Windows\System32\KERNEL32.DLL
0x00007ffcf3e80000 - 0x00007ffcf4176000 	C:\Windows\System32\KERNELBASE.dll
0x00007ffcf4cf0000 - 0x00007ffcf4da0000 	C:\Windows\System32\ADVAPI32.dll
0x00007ffcf5590000 - 0x00007ffcf562e000 	C:\Windows\System32\msvcrt.dll
0x00007ffcf4e00000 - 0x00007ffcf4ea0000 	C:\Windows\System32\sechost.dll
0x00007ffcf4760000 - 0x00007ffcf4883000 	C:\Windows\System32\RPCRT4.dll
0x00007ffcf4410000 - 0x00007ffcf4437000 	C:\Windows\System32\bcrypt.dll
0x00007ffcf4ea0000 - 0x00007ffcf503f000 	C:\Windows\System32\USER32.dll
0x00007ffcf43e0000 - 0x00007ffcf4402000 	C:\Windows\System32\win32u.dll
0x00007ffcf53a0000 - 0x00007ffcf53cb000 	C:\Windows\System32\GDI32.dll
0x00007ffcf4180000 - 0x00007ffcf4297000 	C:\Windows\System32\gdi32full.dll
0x00007ffcf3d70000 - 0x00007ffcf3e0d000 	C:\Windows\System32\msvcp_win.dll
0x00007ffcf45a0000 - 0x00007ffcf46a0000 	C:\Windows\System32\ucrtbase.dll
0x00007ffcf53d0000 - 0x00007ffcf5402000 	C:\Windows\System32\IMM32.DLL
0x00007ffc94270000 - 0x00007ffc942aa000 	C:\Fiji.app\java\win64\zulu8.60.0.21-ca-fx-jdk8.0.322-win_x64\jre\bin\splashscreen.dll
0x00007ffcc86f0000 - 0x00007ffcc870d000 	C:\Windows\SYSTEM32\VCRUNTIME140.dll
0x00007ffcf1600000 - 0x00007ffcf169e000 	C:\Windows\system32\uxtheme.dll
0x00007ffcf5040000 - 0x00007ffcf5393000 	C:\Windows\System32\combase.dll
0x000000005e790000 - 0x000000005effa000 	C:\Fiji.app\java\win64\zulu8.60.0.21-ca-fx-jdk8.0.322-win_x64\jre\bin\server\jvm.dll
0x00007ffcf48b0000 - 0x00007ffcf48b8000 	C:\Windows\System32\PSAPI.DLL
0x00007ffcb3070000 - 0x00007ffcb3079000 	C:\Windows\SYSTEM32\WSOCK32.dll
0x00007ffcf5630000 - 0x00007ffcf569b000 	C:\Windows\System32\WS2_32.dll
0x00007ffceb130000 - 0x00007ffceb13a000 	C:\Windows\SYSTEM32\VERSION.dll
0x00007ffce1d80000 - 0x00007ffce1da7000 	C:\Windows\SYSTEM32\WINMM.dll
0x00007ffcb3060000 - 0x00007ffcb3070000 	C:\Fiji.app\java\win64\zulu8.60.0.21-ca-fx-jdk8.0.322-win_x64\jre\bin\verify.dll
0x00007ffc955c0000 - 0x00007ffc955eb000 	C:\Fiji.app\java\win64\zulu8.60.0.21-ca-fx-jdk8.0.322-win_x64\jre\bin\java.dll
0x00007ffcf5b70000 - 0x00007ffcf5c84000 	C:\Windows\System32\MSCTF.dll
0x00007ffcf5410000 - 0x00007ffcf54dd000 	C:\Windows\System32\OLEAUT32.dll
0x00007ffcad3b0000 - 0x00007ffcad3c8000 	C:\Fiji.app\java\win64\zulu8.60.0.21-ca-fx-jdk8.0.322-win_x64\jre\bin\zip.dll
0x00007ffcf1bc0000 - 0x00007ffcf1bd2000 	C:\Windows\SYSTEM32\kernel.appcore.dll
0x00007ffcf4350000 - 0x00007ffcf43d2000 	C:\Windows\System32\bcryptPrimitives.dll
0x00007ffcde060000 - 0x00007ffcde159000 	C:\Windows\SYSTEM32\textinputframework.dll
0x00007ffcf1070000 - 0x00007ffcf1162000 	C:\Windows\System32\CoreMessaging.dll
0x00007ffcf0d10000 - 0x00007ffcf106b000 	C:\Windows\System32\CoreUIComponents.dll
0x00007ffcf54e0000 - 0x00007ffcf558d000 	C:\Windows\System32\SHCORE.dll
0x00007ffcf0600000 - 0x00007ffcf0757000 	C:\Windows\SYSTEM32\wintypes.dll
0x00007ffcf2e70000 - 0x00007ffcf2ea3000 	C:\Windows\SYSTEM32\ntmarta.dll
0x00007ffcf5ec0000 - 0x00007ffcf662b000 	C:\Windows\System32\SHELL32.dll
0x00007ffcf1dc0000 - 0x00007ffcf255d000 	C:\Windows\SYSTEM32\windows.storage.dll
0x00007ffcf3740000 - 0x00007ffcf376e000 	C:\Windows\SYSTEM32\Wldp.dll
0x00007ffcf49b0000 - 0x00007ffcf4a05000 	C:\Windows\System32\shlwapi.dll
0x00007ffcf3c50000 - 0x00007ffcf3c74000 	C:\Windows\SYSTEM32\profapi.dll
0x00007ffc940d0000 - 0x00007ffc94264000 	C:\Fiji.app\java\win64\zulu8.60.0.21-ca-fx-jdk8.0.322-win_x64\jre\bin\awt.dll
0x00007ffcc8660000 - 0x00007ffcc86ed000 	C:\Windows\SYSTEM32\MSVCP140.dll
0x00007ffcc8cb0000 - 0x00007ffcc8cbc000 	C:\Windows\SYSTEM32\VCRUNTIME140_1.dll
0x00007ffcf1510000 - 0x00007ffcf15a0000 	C:\Windows\SYSTEM32\apphelp.dll
0x00007ffcf19b0000 - 0x00007ffcf19df000 	C:\Windows\system32\DWMAPI.DLL
0x00007ffc93fa0000 - 0x00007ffc940c5000 	C:\Windows\system32\opengl32.dll
0x00007ffc93f70000 - 0x00007ffc93f9c000 	C:\Windows\SYSTEM32\GLU32.dll
0x00007ffce38f0000 - 0x00007ffce39a0000 	C:\Windows\WinSxS\amd64_microsoft.windows.common-controls_6595b64144ccf1df_5.82.19041.4355_none_792ecafd2442822f\COMCTL32.dll
0x00007ffcf4b50000 - 0x00007ffcf4c7b000 	C:\Windows\System32\ole32.dll
0x00007ffcf38d0000 - 0x00007ffcf38e2000 	C:\Windows\SYSTEM32\msasn1.dll
0x00007ffcea160000 - 0x00007ffcea191000 	C:\Windows\SYSTEM32\cryptnet.dll
0x00007ffcf4440000 - 0x00007ffcf459e000 	C:\Windows\System32\CRYPT32.dll
0x00007ffcf36b0000 - 0x00007ffcf36bc000 	C:\Windows\SYSTEM32\cryptbase.dll
0x00007ffcf3e10000 - 0x00007ffcf3e77000 	C:\Windows\System32\wintrust.dll
0x00007ffcf4890000 - 0x00007ffcf48ad000 	C:\Windows\System32\imagehlp.dll
0x00007ffcf3690000 - 0x00007ffcf36a8000 	C:\Windows\SYSTEM32\CRYPTSP.dll
0x00007ffcf2d50000 - 0x00007ffcf2d84000 	C:\Windows\system32\rsaenh.dll
0x00007ffceb430000 - 0x00007ffceb577000 	C:\Windows\SYSTEM32\drvstore.dll
0x00007ffcf3aa0000 - 0x00007ffcf3ad3000 	C:\Windows\SYSTEM32\devobj.dll
0x00007ffcf3d20000 - 0x00007ffcf3d6e000 	C:\Windows\System32\cfgmgr32.dll
0x00007ffce3ea0000 - 0x00007ffce60bd000 	C:\Windows\System32\DriverStore\FileRepository\nv_dispig.inf_amd64_618b150331c5f4ad\nvgpucomp64.dll
0x00007ffca8fc0000 - 0x00007ffca9291000 	C:\Windows\system32\nvspcap64.dll
0x00007ffcf2570000 - 0x00007ffcf2593000 	C:\Windows\SYSTEM32\gpapi.dll
0x00007ffceea00000 - 0x00007ffceea3b000 	C:\Windows\SYSTEM32\dxcore.dll
0x00007ffc93cc0000 - 0x00007ffc93d93000 	C:\Fiji.app\java\win64\zulu8.60.0.21-ca-fx-jdk8.0.322-win_x64\jre\bin\freetype.dll
0x00007ffc90ce0000 - 0x00007ffc90d2b000 	C:\Fiji.app\java\win64\zulu8.60.0.21-ca-fx-jdk8.0.322-win_x64\jre\bin\fontmanager.dll
0x00007ffc93ca0000 - 0x00007ffc93cbc000 	C:\Fiji.app\java\win64\zulu8.60.0.21-ca-fx-jdk8.0.322-win_x64\jre\bin\net.dll
0x00007ffcf34a0000 - 0x00007ffcf350a000 	C:\Windows\system32\mswsock.dll
0x00007ffc90cc0000 - 0x00007ffc90cd3000 	C:\Fiji.app\java\win64\zulu8.60.0.21-ca-fx-jdk8.0.322-win_x64\jre\bin\nio.dll
0x00007ffcf4a10000 - 0x00007ffcf4ab9000 	C:\Windows\System32\clbcatq.dll
0x00007ffce3a50000 - 0x00007ffce3cea000 	C:\Windows\WinSxS\amd64_microsoft.windows.common-controls_6595b64144ccf1df_6.0.19041.4355_none_60b8b9eb71f62e16\comctl32.dll
0x00007ffced340000 - 0x00007ffced4f4000 	C:\Windows\SYSTEM32\WindowsCodecs.dll
0x00007ffcb9600000 - 0x00007ffcb963e000 	C:\Windows\system32\dataexchange.dll
0x00007ffcefa90000 - 0x00007ffcefcf3000 	C:\Windows\system32\d3d11.dll
0x00007ffcf0760000 - 0x00007ffcf0945000 	C:\Windows\system32\dcomp.dll
0x00007ffcf25a0000 - 0x00007ffcf2692000 	C:\Windows\system32\dxgi.dll
0x00007ffced630000 - 0x00007ffced833000 	C:\Windows\system32\twinapi.appcore.dll
0x00007ffcf3bc0000 - 0x00007ffcf3bee000 	C:\Windows\SYSTEM32\USERENV.dll
0x00007ffcf3130000 - 0x00007ffcf316b000 	C:\Windows\SYSTEM32\IPHLPAPI.DLL
0x00007ffcf4c80000 - 0x00007ffcf4c88000 	C:\Windows\System32\NSI.dll
0x00007ffcedab0000 - 0x00007ffcedac7000 	C:\Windows\SYSTEM32\dhcpcsvc6.DLL
0x00007ffcedd30000 - 0x00007ffcedd4d000 	C:\Windows\SYSTEM32\dhcpcsvc.DLL
0x00007ffcf3180000 - 0x00007ffcf324b000 	C:\Windows\SYSTEM32\DNSAPI.dll
0x00007ffcb81e0000 - 0x00007ffcb81f7000 	C:\Windows\system32\napinsp.dll
0x00007ffcb8200000 - 0x00007ffcb821b000 	C:\Windows\system32\pnrpnsp.dll
0x00007ffceec10000 - 0x00007ffceec25000 	C:\Windows\system32\wshbth.dll
0x00007ffcee6f0000 - 0x00007ffcee70d000 	C:\Windows\system32\NLAapi.dll
0x00007ffcb8370000 - 0x00007ffcb8382000 	C:\Windows\System32\winrnr.dll
0x00007ffce7830000 - 0x00007ffce783a000 	C:\Windows\System32\rasadhlp.dll
0x00007ffce23e0000 - 0x00007ffce2460000 	C:\Windows\System32\fwpuclnt.dll
0x00007ffcc47e0000 - 0x00007ffcc49ae000 	C:\Windows\system32\d3d9.dll
0x00007ffce9fc0000 - 0x00007ffcea07e000 	C:\Windows\System32\DriverStore\FileRepository\nv_dispig.inf_amd64_618b150331c5f4ad\nvldumdx.dll
0x00007ffc893a0000 - 0x00007ffc8b74f000 	C:\Windows\System32\DriverStore\FileRepository\nv_dispig.inf_amd64_618b150331c5f4ad\nvd3dumx.dll

VM Arguments:
jvm_args: -Dpython.cachedir.skip=true -Dplugins.dir=C:\Fiji.app -Xmx98178m -Xincgc -XX:PermSize=128m 
java_command: <unknown>
java_class_path (initial): C:\Fiji.app/jars/imagej-launcher-6.0.2.jar
Launcher Type: generic

Environment Variables:
JAVA_HOME=C:\Fiji.app/java/win64/zulu8.60.0.21-ca-fx-jdk8.0.322-win_x64//jre
PATH=C:\Program Files\NVIDIA GPU Computing Toolkit\CUDA\v10.0\bin;C:\Program Files\NVIDIA GPU Computing Toolkit\CUDA\v10.0\libnvvp;C:\Program Files\NVIDIA GPU Computing Toolkit\CUDA\v11.8\bin;C:\Program Files\NVIDIA GPU Computing Toolkit\CUDA\v11.8\libnvvp;C:\Program Files\NVIDIA GPU Computing Toolkit\CUDA\v11.0\bin;C:\Program Files\NVIDIA GPU Computing Toolkit\CUDA\v11.0\libnvvp;C:\Program Files\NVIDIA GPU Computing Toolkit\CUDA\v10.1\bin;C:\Program Files\NVIDIA GPU Computing Toolkit\CUDA\v10.1\libnvvp;C:\Program Files\Common Files\Oracle\Java\javapath;C:\Windows\system32;C:\Windows;C:\Windows\System32\Wbem;C:\Windows\System32\WindowsPowerShell\v1.0\;C:\Windows\System32\OpenSSH\;C:\Program Files (x86)\NVIDIA Corporation\PhysX\Common;C:\Program Files\NVIDIA Corporation\NVIDIA NvDLISR;C:\Program Files\Wolfram Research\WolframScript\;C:\Program Files\MATLAB\R2022b\runtime\win64;C:\Program Files\MATLAB\R2022b\bin;C:\Program Files\Java\jdk-21\bin\server;C:\Program Files\Microsoft SQL Server\150\Tools\Binn\;C:\Program Files\Microsoft SQL Server\Client SDK\ODBC\170\Tools\Binn\;C:\Program Files\dotnet\;C:\Program Files (x86)\Windows Kits\10\Windows Performance Toolkit\;C:\Program Files\Git\cmd;C:\Users\Administrator\.dotnet\tools;C:\Users\Administrator\anaconda3\;C:\Program Files\NVIDIA GPU Computing Toolkit\CUDA\v11.8\bin;C:\Program Files\NVIDIA GPU Computing Toolkit\CUDA\v11.8\libnvvp;;C:\Fiji.app/lib/win64;C:\Fiji.app/mm/win64;C:\Fiji.app/java/win64/zulu8.60.0.21-ca-fx-jdk8.0.322-win_x64//jre/bin
USERNAME=Administrator
OS=Windows_NT
PROCESSOR_IDENTIFIER=Intel64 Family 6 Model 183 Stepping 1, GenuineIntel



---------------  S Y S T E M  ---------------

OS: Windows 10.0 , 64 bit Build 19041 (10.0.19041.3636)

CPU:total 28 (initial active 28) (14 cores per cpu, 2 threads per core) family 6 model 183 stepping 1, cmov, cx8, fxsr, mmx, sse, sse2, sse3, ssse3, sse4.1, sse4.2, popcnt, avx, avx2, aes, clmul, erms, 3dnowpref, lzcnt, ht, tsc, tscinvbit, bmi1, bmi2, adx

Memory: 4k page, physical 134044780k(59362784k free), swap 256059668k(0k free)

vm_info: OpenJDK 64-Bit Server VM (25.322-b06) for windows-amd64 JRE (Zulu 8.60.0.21-CA-win64) (1.8.0_322-b06), built on Jan 13 2022 14:51:16 by "tester" with MS VC++ 15.9 (VS2017)

time: Mon Jun 17 10:46:29 2024
timezone: Jerusalem Daylight Time
elapsed time: 79035.204573 seconds (0d 21h 57m 15s)

